[0.028s] Invoking command in '/home/por/ros2_ws/build/lidar_odometry': /usr/bin/cmake --build /home/por/ros2_ws/build/lidar_odometry -- -j2 -l2
[0.161s] -- Found ament_cmake: 1.3.11 (/opt/ros/humble/share/ament_cmake/cmake)
[0.315s] -- Found rclcpp: 16.0.12 (/opt/ros/humble/share/rclcpp/cmake)
[0.373s] -- Found rosidl_generator_c: 3.1.6 (/opt/ros/humble/share/rosidl_generator_c/cmake)
[0.377s] -- Found rosidl_adapter: 3.1.6 (/opt/ros/humble/share/rosidl_adapter/cmake)
[0.383s] -- Found rosidl_generator_cpp: 3.1.6 (/opt/ros/humble/share/rosidl_generator_cpp/cmake)
[0.394s] -- Using all available rosidl_typesupport_c: rosidl_typesupport_fastrtps_c;rosidl_typesupport_introspection_c
[0.407s] -- Using all available rosidl_typesupport_cpp: rosidl_typesupport_fastrtps_cpp;rosidl_typesupport_introspection_cpp
[0.454s] -- Found rmw_implementation_cmake: 6.1.2 (/opt/ros/humble/share/rmw_implementation_cmake/cmake)
[0.456s] -- Found rmw_fastrtps_cpp: 6.2.7 (/opt/ros/humble/share/rmw_fastrtps_cpp/cmake)
[0.560s] -- Using RMW implementation 'rmw_fastrtps_cpp' as default
[0.616s] -- Found sensor_msgs: 4.8.0 (/opt/ros/humble/share/sensor_msgs/cmake)
[0.656s] -- Found nav_msgs: 4.8.0 (/opt/ros/humble/share/nav_msgs/cmake)
[0.686s] -- Eigen found (include: /usr/include/eigen3, version: 3.4.0)
[0.741s] -- FLANN found (include: /usr/include, lib: /usr/lib/aarch64-linux-gnu/libflann_cpp.so)
[1.362s] -- OpenNI found (version: 1.5.4.0, include: /usr/include/ni, lib: /usr/lib/libOpenNI.so;libusb::libusb)
[1.367s] -- OpenNI2 found (version: 2.2.0.33, include: /usr/include/openni2, lib: /usr/lib/aarch64-linux-gnu/libOpenNI2.so;libusb::libusb)
[1.367s] ** WARNING ** io features related to pcap will be disabled
[1.519s] -- Eigen found (include: /usr/include/eigen3, version: 3.4.0)
[1.523s] -- OpenNI found (version: 1.5.4.0, include: /usr/include/ni, lib: /usr/lib/libOpenNI.so;libusb::libusb)
[1.527s] -- OpenNI2 found (version: 2.2.0.33, include: /usr/include/openni2, lib: /usr/lib/aarch64-linux-gnu/libOpenNI2.so;libusb::libusb)
[1.672s] -- Found Qhull version 8.0.2
[1.817s] -- OpenNI found (version: 1.5.4.0, include: /usr/include/ni, lib: /usr/lib/libOpenNI.so;libusb::libusb)
[1.964s] -- looking for PCL_COMMON
[1.964s] -- looking for PCL_KDTREE
[1.964s] -- looking for PCL_OCTREE
[1.965s] -- looking for PCL_SEARCH
[1.965s] -- looking for PCL_SAMPLE_CONSENSUS
[1.965s] -- looking for PCL_FILTERS
[1.965s] -- looking for PCL_2D
[1.966s] -- looking for PCL_GEOMETRY
[1.966s] -- looking for PCL_IO
[1.966s] -- looking for PCL_FEATURES
[1.967s] -- looking for PCL_ML
[1.967s] -- looking for PCL_SEGMENTATION
[1.967s] -- looking for PCL_VISUALIZATION
[1.968s] -- looking for PCL_SURFACE
[1.968s] -- looking for PCL_REGISTRATION
[1.968s] -- looking for PCL_KEYPOINTS
[1.969s] -- looking for PCL_TRACKING
[1.969s] -- looking for PCL_RECOGNITION
[1.969s] -- looking for PCL_STEREO
[1.970s] -- looking for PCL_APPS
[1.970s] -- looking for PCL_IN_HAND_SCANNER
[1.971s] -- looking for PCL_MODELER
[1.971s] -- looking for PCL_POINT_CLOUD_EDITOR
[1.971s] -- looking for PCL_OUTOFCORE
[1.971s] -- looking for PCL_PEOPLE
[1.974s] -- Found laser_geometry: 2.4.0 (/opt/ros/humble/share/laser_geometry/cmake)
[1.985s] -- Found pcl_conversions: 2.4.5 (/opt/ros/humble/share/pcl_conversions/cmake)
[2.015s] -- Found tf2_eigen: 0.25.13 (/opt/ros/humble/share/tf2_eigen/cmake)
[2.113s] -- Found ament_lint_auto: 0.12.12 (/opt/ros/humble/share/ament_lint_auto/cmake)
[2.162s] Error parsing '/home/por/ros2_ws/src/Simple-2D-LiDAR-Odometry/package.xml':
[2.217s] Traceback (most recent call last):
[2.217s]   File "/opt/ros/humble/share/ament_cmake_core/cmake/core/package_xml_2_cmake.py", line 150, in <module>
[2.217s]     main()
[2.217s]   File "/opt/ros/humble/share/ament_cmake_core/cmake/core/package_xml_2_cmake.py", line 53, in main
[2.217s]     raise e
[2.217s]   File "/opt/ros/humble/share/ament_cmake_core/cmake/core/package_xml_2_cmake.py", line 49, in main
[2.217s]     package = parse_package_string(
[2.218s]   File "/usr/lib/python3/dist-packages/catkin_pkg/package.py", line 786, in parse_package_string
[2.221s]     raise InvalidPackage('Error(s):%s' % (''.join(['\n- %s' % e for e in errors])), filename)
[2.221s] catkin_pkg.package.InvalidPackage: Error(s) in package '/home/por/ros2_ws/src/Simple-2D-LiDAR-Odometry/package.xml':
[2.221s] Error(s):
[2.221s] - The generic dependency on 'sensor_msgs' is redundant with: build_depend, build_export_depend, exec_depend
[2.234s] CMake Error at /opt/ros/humble/share/ament_cmake_core/cmake/core/ament_package_xml.cmake:95 (message):
[2.234s]   execute_process(/usr/bin/python3
[2.234s]   /opt/ros/humble/share/ament_cmake_core/cmake/core/package_xml_2_cmake.py
[2.234s]   /home/por/ros2_ws/src/Simple-2D-LiDAR-Odometry/package.xml
[2.234s]   /home/por/ros2_ws/build/lidar_odometry/ament_cmake_core/package.cmake)
[2.234s]   returned error code 1
[2.234s] Call Stack (most recent call first):
[2.234s]   /opt/ros/humble/share/ament_cmake_core/cmake/core/ament_package_xml.cmake:49 (_ament_package_xml)
[2.234s]   /opt/ros/humble/share/ament_lint_auto/cmake/ament_lint_auto_find_test_dependencies.cmake:31 (ament_package_xml)
[2.234s]   CMakeLists.txt:61 (ament_lint_auto_find_test_dependencies)
[2.235s] 
[2.235s] 
[2.235s] -- Configuring incomplete, errors occurred!
[2.235s] See also "/home/por/ros2_ws/build/lidar_odometry/CMakeFiles/CMakeOutput.log".
[2.246s] gmake: *** [Makefile:294: cmake_check_build_system] Error 1
[2.246s] Invoked command in '/home/por/ros2_ws/build/lidar_odometry' returned '2': /usr/bin/cmake --build /home/por/ros2_ws/build/lidar_odometry -- -j2 -l2
